2022-11-03T08:51:17.503329+09:00 0 [System] [MY-013169] [Server] /usr/sbin/mysqld (mysqld 8.0.23) initializing of server in progress as process 42
2022-11-03T08:51:17.516454+09:00 1 [System] [MY-013576] [InnoDB] InnoDB initialization has started.
2022-11-03T08:51:18.891761+09:00 1 [System] [MY-013577] [InnoDB] InnoDB initialization has ended.
2022-11-03T08:51:22.698890+09:00 6 [Warning] [MY-010453] [Server] root@localhost is created with an empty password ! Please consider switching off the --initialize-insecure option.
2022-11-03T08:51:44.570206+09:00 0 [System] [MY-010116] [Server] /usr/sbin/mysqld (mysqld 8.0.23) starting as process 87
2022-11-03T08:51:44.625370+09:00 1 [System] [MY-013576] [InnoDB] InnoDB initialization has started.
2022-11-03T08:51:44.831519+09:00 1 [System] [MY-013577] [InnoDB] InnoDB initialization has ended.
2022-11-03T08:51:44.996931+09:00 0 [System] [MY-011323] [Server] X Plugin ready for connections. Socket: /var/run/mysqld/mysqlx.sock
2022-11-03T08:51:45.194523+09:00 0 [Warning] [MY-010068] [Server] CA certificate ca.pem is self signed.
2022-11-03T08:51:45.196265+09:00 0 [System] [MY-013602] [Server] Channel mysql_main configured to support TLS. Encrypted connections are now supported for this channel.
2022-11-03T08:51:45.202614+09:00 0 [Warning] [MY-011810] [Server] Insecure configuration for --pid-file: Location '/var/run/mysqld' in the path is accessible to all OS users. Consider choosing a different directory.
2022-11-03T08:51:45.231909+09:00 0 [System] [MY-010931] [Server] /usr/sbin/mysqld: ready for connections. Version: '8.0.23'  socket: '/var/run/mysqld/mysqld.sock'  port: 0  MySQL Community Server - GPL.
2022-11-03T08:52:12.766235+09:00 13 [System] [MY-013172] [Server] Received SHUTDOWN from user root. Shutting down mysqld (Version: 8.0.23).
2022-11-03T08:52:14.146418+09:00 0 [System] [MY-010910] [Server] /usr/sbin/mysqld: Shutdown complete (mysqld 8.0.23)  MySQL Community Server - GPL.
2022-11-03T08:52:15.083497+09:00 0 [System] [MY-010116] [Server] /usr/sbin/mysqld (mysqld 8.0.23) starting as process 1
2022-11-03T08:52:15.103354+09:00 1 [System] [MY-013576] [InnoDB] InnoDB initialization has started.
2022-11-03T08:52:15.335655+09:00 1 [System] [MY-013577] [InnoDB] InnoDB initialization has ended.
2022-11-03T08:52:15.497720+09:00 0 [System] [MY-011323] [Server] X Plugin ready for connections. Bind-address: '::' port: 33060, socket: /var/run/mysqld/mysqlx.sock
2022-11-03T08:52:15.682214+09:00 0 [Warning] [MY-010068] [Server] CA certificate ca.pem is self signed.
2022-11-03T08:52:15.683770+09:00 0 [System] [MY-013602] [Server] Channel mysql_main configured to support TLS. Encrypted connections are now supported for this channel.
2022-11-03T08:52:15.691065+09:00 0 [Warning] [MY-011810] [Server] Insecure configuration for --pid-file: Location '/var/run/mysqld' in the path is accessible to all OS users. Consider choosing a different directory.
2022-11-03T08:52:15.735402+09:00 0 [System] [MY-010931] [Server] /usr/sbin/mysqld: ready for connections. Version: '8.0.23'  socket: '/var/run/mysqld/mysqld.sock'  port: 3306  MySQL Community Server - GPL.
mbind: Operation not permitted
2022-11-03T09:05:55.087390+09:00 0 [System] [MY-013172] [Server] Received SHUTDOWN from user <via user signal>. Shutting down mysqld (Version: 8.0.23).
2022-11-03T09:05:56.199527+09:00 0 [System] [MY-010910] [Server] /usr/sbin/mysqld: Shutdown complete (mysqld 8.0.23)  MySQL Community Server - GPL.
2022-11-03T09:07:12.115198+09:00 0 [System] [MY-010116] [Server] /usr/sbin/mysqld (mysqld 8.0.23) starting as process 1
2022-11-03T09:07:12.145074+09:00 1 [System] [MY-013576] [InnoDB] InnoDB initialization has started.
2022-11-03T09:07:12.668392+09:00 1 [System] [MY-013577] [InnoDB] InnoDB initialization has ended.
2022-11-03T09:07:12.825793+09:00 0 [System] [MY-011323] [Server] X Plugin ready for connections. Bind-address: '::' port: 33060, socket: /var/run/mysqld/mysqlx.sock
2022-11-03T09:07:13.041203+09:00 0 [Warning] [MY-010068] [Server] CA certificate ca.pem is self signed.
2022-11-03T09:07:13.044050+09:00 0 [System] [MY-013602] [Server] Channel mysql_main configured to support TLS. Encrypted connections are now supported for this channel.
2022-11-03T09:07:13.060191+09:00 0 [Warning] [MY-011810] [Server] Insecure configuration for --pid-file: Location '/var/run/mysqld' in the path is accessible to all OS users. Consider choosing a different directory.
2022-11-03T09:07:13.209554+09:00 0 [System] [MY-010931] [Server] /usr/sbin/mysqld: ready for connections. Version: '8.0.23'  socket: '/var/run/mysqld/mysqld.sock'  port: 3306  MySQL Community Server - GPL.
2022-11-03T09:09:44.141758+09:00 0 [System] [MY-013172] [Server] Received SHUTDOWN from user <via user signal>. Shutting down mysqld (Version: 8.0.23).
2022-11-03T09:09:45.711686+09:00 0 [System] [MY-010910] [Server] /usr/sbin/mysqld: Shutdown complete (mysqld 8.0.23)  MySQL Community Server - GPL.
2022-11-03T09:11:23.310431+09:00 0 [System] [MY-010116] [Server] /usr/sbin/mysqld (mysqld 8.0.23) starting as process 1
2022-11-03T09:11:23.344418+09:00 1 [System] [MY-013576] [InnoDB] InnoDB initialization has started.
2022-11-03T09:11:23.633052+09:00 1 [System] [MY-013577] [InnoDB] InnoDB initialization has ended.
2022-11-03T09:11:23.851853+09:00 0 [System] [MY-011323] [Server] X Plugin ready for connections. Bind-address: '::' port: 33060, socket: /var/run/mysqld/mysqlx.sock
2022-11-03T09:11:24.202248+09:00 0 [Warning] [MY-010068] [Server] CA certificate ca.pem is self signed.
2022-11-03T09:11:24.204825+09:00 0 [System] [MY-013602] [Server] Channel mysql_main configured to support TLS. Encrypted connections are now supported for this channel.
2022-11-03T09:11:24.214079+09:00 0 [Warning] [MY-011810] [Server] Insecure configuration for --pid-file: Location '/var/run/mysqld' in the path is accessible to all OS users. Consider choosing a different directory.
2022-11-03T09:11:24.267333+09:00 0 [System] [MY-010931] [Server] /usr/sbin/mysqld: ready for connections. Version: '8.0.23'  socket: '/var/run/mysqld/mysqld.sock'  port: 3306  MySQL Community Server - GPL.
2022-11-03T09:12:26.903760+09:00 0 [System] [MY-013172] [Server] Received SHUTDOWN from user <via user signal>. Shutting down mysqld (Version: 8.0.23).
2022-11-03T09:12:27.733560+09:00 0 [System] [MY-010910] [Server] /usr/sbin/mysqld: Shutdown complete (mysqld 8.0.23)  MySQL Community Server - GPL.
2022-11-03T09:13:14.054012+09:00 0 [System] [MY-010116] [Server] /usr/sbin/mysqld (mysqld 8.0.23) starting as process 1
2022-11-03T09:13:14.075141+09:00 1 [System] [MY-013576] [InnoDB] InnoDB initialization has started.
2022-11-03T09:13:14.400496+09:00 1 [System] [MY-013577] [InnoDB] InnoDB initialization has ended.
2022-11-03T09:13:14.613848+09:00 0 [System] [MY-011323] [Server] X Plugin ready for connections. Bind-address: '::' port: 33060, socket: /var/run/mysqld/mysqlx.sock
2022-11-03T09:13:14.829053+09:00 0 [Warning] [MY-010068] [Server] CA certificate ca.pem is self signed.
2022-11-03T09:13:14.843470+09:00 0 [System] [MY-013602] [Server] Channel mysql_main configured to support TLS. Encrypted connections are now supported for this channel.
2022-11-03T09:13:14.870588+09:00 0 [Warning] [MY-011810] [Server] Insecure configuration for --pid-file: Location '/var/run/mysqld' in the path is accessible to all OS users. Consider choosing a different directory.
2022-11-03T09:13:14.988712+09:00 0 [System] [MY-010931] [Server] /usr/sbin/mysqld: ready for connections. Version: '8.0.23'  socket: '/var/run/mysqld/mysqld.sock'  port: 3306  MySQL Community Server - GPL.
2022-11-03T09:15:33.151843+09:00 0 [System] [MY-013172] [Server] Received SHUTDOWN from user <via user signal>. Shutting down mysqld (Version: 8.0.23).
2022-11-03T09:15:34.165909+09:00 0 [System] [MY-010910] [Server] /usr/sbin/mysqld: Shutdown complete (mysqld 8.0.23)  MySQL Community Server - GPL.
2022-11-03T09:21:12.054733+09:00 0 [System] [MY-010116] [Server] /usr/sbin/mysqld (mysqld 8.0.23) starting as process 1
2022-11-03T09:21:12.196341+09:00 1 [System] [MY-013576] [InnoDB] InnoDB initialization has started.
2022-11-03T09:21:12.713821+09:00 1 [System] [MY-013577] [InnoDB] InnoDB initialization has ended.
2022-11-03T09:21:12.922664+09:00 0 [System] [MY-011323] [Server] X Plugin ready for connections. Bind-address: '::' port: 33060, socket: /var/run/mysqld/mysqlx.sock
2022-11-03T09:21:13.565908+09:00 0 [Warning] [MY-010068] [Server] CA certificate ca.pem is self signed.
2022-11-03T09:21:13.570616+09:00 0 [System] [MY-013602] [Server] Channel mysql_main configured to support TLS. Encrypted connections are now supported for this channel.
2022-11-03T09:21:13.580270+09:00 0 [Warning] [MY-011810] [Server] Insecure configuration for --pid-file: Location '/var/run/mysqld' in the path is accessible to all OS users. Consider choosing a different directory.
2022-11-03T09:21:13.659409+09:00 0 [System] [MY-010931] [Server] /usr/sbin/mysqld: ready for connections. Version: '8.0.23'  socket: '/var/run/mysqld/mysqld.sock'  port: 3306  MySQL Community Server - GPL.
2022-11-03T09:22:49.238549+09:00 0 [System] [MY-013172] [Server] Received SHUTDOWN from user <via user signal>. Shutting down mysqld (Version: 8.0.23).
2022-11-03T09:22:50.709238+09:00 0 [System] [MY-010910] [Server] /usr/sbin/mysqld: Shutdown complete (mysqld 8.0.23)  MySQL Community Server - GPL.
2022-11-03T09:22:58.701658+09:00 0 [System] [MY-010116] [Server] /usr/sbin/mysqld (mysqld 8.0.23) starting as process 1
2022-11-03T09:22:58.755091+09:00 1 [System] [MY-013576] [InnoDB] InnoDB initialization has started.
2022-11-03T09:22:59.339443+09:00 1 [System] [MY-013577] [InnoDB] InnoDB initialization has ended.
2022-11-03T09:22:59.750924+09:00 0 [System] [MY-011323] [Server] X Plugin ready for connections. Bind-address: '::' port: 33060, socket: /var/run/mysqld/mysqlx.sock
2022-11-03T09:22:59.967834+09:00 0 [Warning] [MY-010068] [Server] CA certificate ca.pem is self signed.
2022-11-03T09:22:59.969374+09:00 0 [System] [MY-013602] [Server] Channel mysql_main configured to support TLS. Encrypted connections are now supported for this channel.
2022-11-03T09:22:59.982813+09:00 0 [Warning] [MY-011810] [Server] Insecure configuration for --pid-file: Location '/var/run/mysqld' in the path is accessible to all OS users. Consider choosing a different directory.
2022-11-03T09:23:00.069012+09:00 0 [System] [MY-010931] [Server] /usr/sbin/mysqld: ready for connections. Version: '8.0.23'  socket: '/var/run/mysqld/mysqld.sock'  port: 3306  MySQL Community Server - GPL.
2022-11-03T09:42:24.867382+09:00 0 [System] [MY-013172] [Server] Received SHUTDOWN from user <via user signal>. Shutting down mysqld (Version: 8.0.23).
2022-11-03T09:42:25.813842+09:00 0 [System] [MY-010910] [Server] /usr/sbin/mysqld: Shutdown complete (mysqld 8.0.23)  MySQL Community Server - GPL.
2022-11-03T09:42:46.397630+09:00 0 [System] [MY-010116] [Server] /usr/sbin/mysqld (mysqld 8.0.23) starting as process 1
2022-11-03T09:42:46.414902+09:00 1 [System] [MY-013576] [InnoDB] InnoDB initialization has started.
2022-11-03T09:42:46.681297+09:00 1 [System] [MY-013577] [InnoDB] InnoDB initialization has ended.
2022-11-03T09:42:46.681305+09:00 0 [System] [MY-011323] [Server] X Plugin ready for connections. Bind-address: '::' port: 33060, socket: /var/run/mysqld/mysqlx.sock
2022-11-03T09:42:46.831886+09:00 0 [Warning] [MY-010068] [Server] CA certificate ca.pem is self signed.
2022-11-03T09:42:46.834435+09:00 0 [System] [MY-013602] [Server] Channel mysql_main configured to support TLS. Encrypted connections are now supported for this channel.
2022-11-03T09:42:46.849116+09:00 0 [Warning] [MY-011810] [Server] Insecure configuration for --pid-file: Location '/var/run/mysqld' in the path is accessible to all OS users. Consider choosing a different directory.
2022-11-03T09:42:46.926298+09:00 0 [System] [MY-010931] [Server] /usr/sbin/mysqld: ready for connections. Version: '8.0.23'  socket: '/var/run/mysqld/mysqld.sock'  port: 3306  MySQL Community Server - GPL.
2022-11-03T09:43:39.019623+09:00 0 [System] [MY-013172] [Server] Received SHUTDOWN from user <via user signal>. Shutting down mysqld (Version: 8.0.23).
2022-11-03T09:43:39.874404+09:00 0 [System] [MY-010910] [Server] /usr/sbin/mysqld: Shutdown complete (mysqld 8.0.23)  MySQL Community Server - GPL.
2022-11-03T09:43:58.606862+09:00 0 [System] [MY-010116] [Server] /usr/sbin/mysqld (mysqld 8.0.23) starting as process 1
2022-11-03T09:43:58.625752+09:00 1 [System] [MY-013576] [InnoDB] InnoDB initialization has started.
2022-11-03T09:43:58.937801+09:00 1 [System] [MY-013577] [InnoDB] InnoDB initialization has ended.
2022-11-03T09:43:59.097359+09:00 0 [System] [MY-011323] [Server] X Plugin ready for connections. Bind-address: '::' port: 33060, socket: /var/run/mysqld/mysqlx.sock
2022-11-03T09:43:59.294038+09:00 0 [Warning] [MY-010068] [Server] CA certificate ca.pem is self signed.
2022-11-03T09:43:59.298624+09:00 0 [System] [MY-013602] [Server] Channel mysql_main configured to support TLS. Encrypted connections are now supported for this channel.
2022-11-03T09:43:59.303577+09:00 0 [Warning] [MY-011810] [Server] Insecure configuration for --pid-file: Location '/var/run/mysqld' in the path is accessible to all OS users. Consider choosing a different directory.
2022-11-03T09:43:59.452360+09:00 0 [System] [MY-010931] [Server] /usr/sbin/mysqld: ready for connections. Version: '8.0.23'  socket: '/var/run/mysqld/mysqld.sock'  port: 3306  MySQL Community Server - GPL.
2022-11-03T10:04:51.026246+09:00 0 [System] [MY-013172] [Server] Received SHUTDOWN from user <via user signal>. Shutting down mysqld (Version: 8.0.23).
2022-11-03T10:04:51.616268+09:00 0 [System] [MY-010910] [Server] /usr/sbin/mysqld: Shutdown complete (mysqld 8.0.23)  MySQL Community Server - GPL.
2022-11-03T10:05:02.233185+09:00 0 [System] [MY-010116] [Server] /usr/sbin/mysqld (mysqld 8.0.23) starting as process 1
2022-11-03T10:05:02.264608+09:00 1 [System] [MY-013576] [InnoDB] InnoDB initialization has started.
2022-11-03T10:05:02.596976+09:00 1 [System] [MY-013577] [InnoDB] InnoDB initialization has ended.
2022-11-03T10:05:02.955463+09:00 0 [System] [MY-011323] [Server] X Plugin ready for connections. Bind-address: '::' port: 33060, socket: /var/run/mysqld/mysqlx.sock
2022-11-03T10:05:03.446517+09:00 0 [Warning] [MY-010068] [Server] CA certificate ca.pem is self signed.
2022-11-03T10:05:03.448926+09:00 0 [System] [MY-013602] [Server] Channel mysql_main configured to support TLS. Encrypted connections are now supported for this channel.
2022-11-03T10:05:03.468200+09:00 0 [Warning] [MY-011810] [Server] Insecure configuration for --pid-file: Location '/var/run/mysqld' in the path is accessible to all OS users. Consider choosing a different directory.
2022-11-03T10:05:03.619115+09:00 0 [System] [MY-010931] [Server] /usr/sbin/mysqld: ready for connections. Version: '8.0.23'  socket: '/var/run/mysqld/mysqld.sock'  port: 3306  MySQL Community Server - GPL.
2022-11-03T10:06:19.882923+09:00 0 [System] [MY-013172] [Server] Received SHUTDOWN from user <via user signal>. Shutting down mysqld (Version: 8.0.23).
2022-11-03T10:06:20.916465+09:00 0 [System] [MY-010910] [Server] /usr/sbin/mysqld: Shutdown complete (mysqld 8.0.23)  MySQL Community Server - GPL.
2022-11-03T10:09:48.339848+09:00 0 [System] [MY-010116] [Server] /usr/sbin/mysqld (mysqld 8.0.23) starting as process 1
2022-11-03T10:09:48.365123+09:00 1 [System] [MY-013576] [InnoDB] InnoDB initialization has started.
2022-11-03T10:09:48.806968+09:00 1 [System] [MY-013577] [InnoDB] InnoDB initialization has ended.
2022-11-03T10:09:48.992311+09:00 0 [System] [MY-011323] [Server] X Plugin ready for connections. Bind-address: '::' port: 33060, socket: /var/run/mysqld/mysqlx.sock
2022-11-03T10:09:49.134686+09:00 0 [Warning] [MY-010068] [Server] CA certificate ca.pem is self signed.
2022-11-03T10:09:49.139019+09:00 0 [System] [MY-013602] [Server] Channel mysql_main configured to support TLS. Encrypted connections are now supported for this channel.
2022-11-03T10:09:49.163625+09:00 0 [Warning] [MY-011810] [Server] Insecure configuration for --pid-file: Location '/var/run/mysqld' in the path is accessible to all OS users. Consider choosing a different directory.
2022-11-03T10:09:49.302512+09:00 0 [System] [MY-010931] [Server] /usr/sbin/mysqld: ready for connections. Version: '8.0.23'  socket: '/var/run/mysqld/mysqld.sock'  port: 3306  MySQL Community Server - GPL.
2022-11-03T10:30:57.503211+09:00 0 [System] [MY-013172] [Server] Received SHUTDOWN from user <via user signal>. Shutting down mysqld (Version: 8.0.23).
2022-11-03T10:30:58.181097+09:00 0 [System] [MY-010910] [Server] /usr/sbin/mysqld: Shutdown complete (mysqld 8.0.23)  MySQL Community Server - GPL.
2022-11-03T10:31:09.541030+09:00 0 [System] [MY-010116] [Server] /usr/sbin/mysqld (mysqld 8.0.23) starting as process 1
2022-11-03T10:31:09.565563+09:00 1 [System] [MY-013576] [InnoDB] InnoDB initialization has started.
2022-11-03T10:31:09.930937+09:00 1 [System] [MY-013577] [InnoDB] InnoDB initialization has ended.
2022-11-03T10:31:10.168276+09:00 0 [System] [MY-011323] [Server] X Plugin ready for connections. Bind-address: '::' port: 33060, socket: /var/run/mysqld/mysqlx.sock
2022-11-03T10:31:10.272350+09:00 0 [Warning] [MY-010068] [Server] CA certificate ca.pem is self signed.
2022-11-03T10:31:10.280221+09:00 0 [System] [MY-013602] [Server] Channel mysql_main configured to support TLS. Encrypted connections are now supported for this channel.
2022-11-03T10:31:10.285003+09:00 0 [Warning] [MY-011810] [Server] Insecure configuration for --pid-file: Location '/var/run/mysqld' in the path is accessible to all OS users. Consider choosing a different directory.
2022-11-03T10:31:10.332099+09:00 0 [System] [MY-010931] [Server] /usr/sbin/mysqld: ready for connections. Version: '8.0.23'  socket: '/var/run/mysqld/mysqld.sock'  port: 3306  MySQL Community Server - GPL.
2022-11-03T10:31:30.898109+09:00 0 [System] [MY-013172] [Server] Received SHUTDOWN from user <via user signal>. Shutting down mysqld (Version: 8.0.23).
2022-11-03T10:31:32.376932+09:00 0 [System] [MY-010910] [Server] /usr/sbin/mysqld: Shutdown complete (mysqld 8.0.23)  MySQL Community Server - GPL.
2022-11-03T10:33:28.425423+09:00 0 [System] [MY-010116] [Server] /usr/sbin/mysqld (mysqld 8.0.23) starting as process 1
2022-11-03T10:33:28.448513+09:00 1 [System] [MY-013576] [InnoDB] InnoDB initialization has started.
2022-11-03T10:33:28.760156+09:00 1 [System] [MY-013577] [InnoDB] InnoDB initialization has ended.
2022-11-03T10:33:28.937905+09:00 0 [System] [MY-011323] [Server] X Plugin ready for connections. Bind-address: '::' port: 33060, socket: /var/run/mysqld/mysqlx.sock
2022-11-03T10:33:29.215612+09:00 0 [Warning] [MY-010068] [Server] CA certificate ca.pem is self signed.
2022-11-03T10:33:29.217111+09:00 0 [System] [MY-013602] [Server] Channel mysql_main configured to support TLS. Encrypted connections are now supported for this channel.
2022-11-03T10:33:29.235738+09:00 0 [Warning] [MY-011810] [Server] Insecure configuration for --pid-file: Location '/var/run/mysqld' in the path is accessible to all OS users. Consider choosing a different directory.
2022-11-03T10:33:29.489238+09:00 0 [System] [MY-010931] [Server] /usr/sbin/mysqld: ready for connections. Version: '8.0.23'  socket: '/var/run/mysqld/mysqld.sock'  port: 3306  MySQL Community Server - GPL.
2022-11-03T10:36:33.559409+09:00 0 [System] [MY-013172] [Server] Received SHUTDOWN from user <via user signal>. Shutting down mysqld (Version: 8.0.23).
2022-11-03T10:36:34.764766+09:00 0 [System] [MY-010910] [Server] /usr/sbin/mysqld: Shutdown complete (mysqld 8.0.23)  MySQL Community Server - GPL.
2022-11-03T10:37:35.430595+09:00 0 [System] [MY-010116] [Server] /usr/sbin/mysqld (mysqld 8.0.23) starting as process 1
2022-11-03T10:37:35.486868+09:00 1 [System] [MY-013576] [InnoDB] InnoDB initialization has started.
2022-11-03T10:37:35.775363+09:00 1 [System] [MY-013577] [InnoDB] InnoDB initialization has ended.
2022-11-03T10:37:35.920216+09:00 0 [System] [MY-011323] [Server] X Plugin ready for connections. Bind-address: '::' port: 33060, socket: /var/run/mysqld/mysqlx.sock
2022-11-03T10:37:36.049651+09:00 0 [Warning] [MY-010068] [Server] CA certificate ca.pem is self signed.
2022-11-03T10:37:36.050911+09:00 0 [System] [MY-013602] [Server] Channel mysql_main configured to support TLS. Encrypted connections are now supported for this channel.
2022-11-03T10:37:36.055517+09:00 0 [Warning] [MY-011810] [Server] Insecure configuration for --pid-file: Location '/var/run/mysqld' in the path is accessible to all OS users. Consider choosing a different directory.
2022-11-03T10:37:36.116521+09:00 0 [System] [MY-010931] [Server] /usr/sbin/mysqld: ready for connections. Version: '8.0.23'  socket: '/var/run/mysqld/mysqld.sock'  port: 3306  MySQL Community Server - GPL.
2022-11-03T10:44:14.270810+09:00 0 [System] [MY-013172] [Server] Received SHUTDOWN from user <via user signal>. Shutting down mysqld (Version: 8.0.23).
2022-11-03T10:44:14.841621+09:00 0 [System] [MY-010910] [Server] /usr/sbin/mysqld: Shutdown complete (mysqld 8.0.23)  MySQL Community Server - GPL.
2022-11-03T10:48:48.571337+09:00 0 [System] [MY-010116] [Server] /usr/sbin/mysqld (mysqld 8.0.23) starting as process 1
2022-11-03T10:48:48.600555+09:00 1 [System] [MY-013576] [InnoDB] InnoDB initialization has started.
2022-11-03T10:48:49.265311+09:00 1 [System] [MY-013577] [InnoDB] InnoDB initialization has ended.
2022-11-03T10:48:49.755352+09:00 0 [System] [MY-011323] [Server] X Plugin ready for connections. Bind-address: '::' port: 33060, socket: /var/run/mysqld/mysqlx.sock
2022-11-03T10:48:50.255629+09:00 0 [Warning] [MY-010068] [Server] CA certificate ca.pem is self signed.
2022-11-03T10:48:50.259308+09:00 0 [System] [MY-013602] [Server] Channel mysql_main configured to support TLS. Encrypted connections are now supported for this channel.
2022-11-03T10:48:50.276793+09:00 0 [Warning] [MY-011810] [Server] Insecure configuration for --pid-file: Location '/var/run/mysqld' in the path is accessible to all OS users. Consider choosing a different directory.
2022-11-03T10:48:50.342416+09:00 0 [System] [MY-010931] [Server] /usr/sbin/mysqld: ready for connections. Version: '8.0.23'  socket: '/var/run/mysqld/mysqld.sock'  port: 3306  MySQL Community Server - GPL.
2022-11-03T10:54:30.382858+09:00 0 [System] [MY-013172] [Server] Received SHUTDOWN from user <via user signal>. Shutting down mysqld (Version: 8.0.23).
2022-11-03T10:54:31.702899+09:00 0 [System] [MY-010910] [Server] /usr/sbin/mysqld: Shutdown complete (mysqld 8.0.23)  MySQL Community Server - GPL.
2022-11-03T10:54:37.285420+09:00 0 [System] [MY-010116] [Server] /usr/sbin/mysqld (mysqld 8.0.23) starting as process 1
2022-11-03T10:54:37.332751+09:00 1 [System] [MY-013576] [InnoDB] InnoDB initialization has started.
2022-11-03T10:54:37.741226+09:00 1 [System] [MY-013577] [InnoDB] InnoDB initialization has ended.
2022-11-03T10:54:38.081434+09:00 0 [System] [MY-011323] [Server] X Plugin ready for connections. Bind-address: '::' port: 33060, socket: /var/run/mysqld/mysqlx.sock
2022-11-03T10:54:38.388426+09:00 0 [Warning] [MY-010068] [Server] CA certificate ca.pem is self signed.
2022-11-03T10:54:38.390380+09:00 0 [System] [MY-013602] [Server] Channel mysql_main configured to support TLS. Encrypted connections are now supported for this channel.
2022-11-03T10:54:38.403647+09:00 0 [Warning] [MY-011810] [Server] Insecure configuration for --pid-file: Location '/var/run/mysqld' in the path is accessible to all OS users. Consider choosing a different directory.
2022-11-03T10:54:38.558142+09:00 0 [System] [MY-010931] [Server] /usr/sbin/mysqld: ready for connections. Version: '8.0.23'  socket: '/var/run/mysqld/mysqld.sock'  port: 3306  MySQL Community Server - GPL.
2022-11-03T11:01:03.193297+09:00 0 [System] [MY-013172] [Server] Received SHUTDOWN from user <via user signal>. Shutting down mysqld (Version: 8.0.23).
2022-11-03T11:01:03.858642+09:00 0 [System] [MY-010910] [Server] /usr/sbin/mysqld: Shutdown complete (mysqld 8.0.23)  MySQL Community Server - GPL.
2022-11-03T11:01:43.615631+09:00 0 [System] [MY-010116] [Server] /usr/sbin/mysqld (mysqld 8.0.23) starting as process 1
2022-11-03T11:01:43.645100+09:00 1 [System] [MY-013576] [InnoDB] InnoDB initialization has started.
2022-11-03T11:01:43.946175+09:00 1 [System] [MY-013577] [InnoDB] InnoDB initialization has ended.
2022-11-03T11:01:44.327045+09:00 0 [System] [MY-011323] [Server] X Plugin ready for connections. Bind-address: '::' port: 33060, socket: /var/run/mysqld/mysqlx.sock
2022-11-03T11:01:44.772845+09:00 0 [Warning] [MY-010068] [Server] CA certificate ca.pem is self signed.
2022-11-03T11:01:44.775218+09:00 0 [System] [MY-013602] [Server] Channel mysql_main configured to support TLS. Encrypted connections are now supported for this channel.
2022-11-03T11:01:44.784982+09:00 0 [Warning] [MY-011810] [Server] Insecure configuration for --pid-file: Location '/var/run/mysqld' in the path is accessible to all OS users. Consider choosing a different directory.
2022-11-03T11:01:44.873695+09:00 0 [System] [MY-010931] [Server] /usr/sbin/mysqld: ready for connections. Version: '8.0.23'  socket: '/var/run/mysqld/mysqld.sock'  port: 3306  MySQL Community Server - GPL.
2022-11-03T11:16:13.274731+09:00 0 [System] [MY-013172] [Server] Received SHUTDOWN from user <via user signal>. Shutting down mysqld (Version: 8.0.23).
2022-11-03T11:16:14.936012+09:00 0 [System] [MY-010910] [Server] /usr/sbin/mysqld: Shutdown complete (mysqld 8.0.23)  MySQL Community Server - GPL.
2022-11-03T11:17:06.307997+09:00 0 [System] [MY-010116] [Server] /usr/sbin/mysqld (mysqld 8.0.23) starting as process 1
2022-11-03T11:17:06.343207+09:00 1 [System] [MY-013576] [InnoDB] InnoDB initialization has started.
2022-11-03T11:17:06.786870+09:00 1 [System] [MY-013577] [InnoDB] InnoDB initialization has ended.
2022-11-03T11:17:07.276160+09:00 0 [System] [MY-011323] [Server] X Plugin ready for connections. Bind-address: '::' port: 33060, socket: /var/run/mysqld/mysqlx.sock
2022-11-03T11:17:07.694999+09:00 0 [Warning] [MY-010068] [Server] CA certificate ca.pem is self signed.
2022-11-03T11:17:07.697695+09:00 0 [System] [MY-013602] [Server] Channel mysql_main configured to support TLS. Encrypted connections are now supported for this channel.
2022-11-03T11:17:07.712696+09:00 0 [Warning] [MY-011810] [Server] Insecure configuration for --pid-file: Location '/var/run/mysqld' in the path is accessible to all OS users. Consider choosing a different directory.
2022-11-03T11:17:07.857595+09:00 0 [System] [MY-010931] [Server] /usr/sbin/mysqld: ready for connections. Version: '8.0.23'  socket: '/var/run/mysqld/mysqld.sock'  port: 3306  MySQL Community Server - GPL.
2022-11-03T11:18:34.333254+09:00 0 [System] [MY-013172] [Server] Received SHUTDOWN from user <via user signal>. Shutting down mysqld (Version: 8.0.23).
2022-11-03T11:18:35.715106+09:00 0 [System] [MY-010910] [Server] /usr/sbin/mysqld: Shutdown complete (mysqld 8.0.23)  MySQL Community Server - GPL.
2022-11-03T11:18:50.953014+09:00 0 [System] [MY-010116] [Server] /usr/sbin/mysqld (mysqld 8.0.23) starting as process 1
2022-11-03T11:18:50.981883+09:00 1 [System] [MY-013576] [InnoDB] InnoDB initialization has started.
2022-11-03T11:18:51.361170+09:00 1 [System] [MY-013577] [InnoDB] InnoDB initialization has ended.
2022-11-03T11:18:51.582826+09:00 0 [System] [MY-011323] [Server] X Plugin ready for connections. Bind-address: '::' port: 33060, socket: /var/run/mysqld/mysqlx.sock
2022-11-03T11:18:51.969405+09:00 0 [Warning] [MY-010068] [Server] CA certificate ca.pem is self signed.
2022-11-03T11:18:51.971235+09:00 0 [System] [MY-013602] [Server] Channel mysql_main configured to support TLS. Encrypted connections are now supported for this channel.
2022-11-03T11:18:51.990669+09:00 0 [Warning] [MY-011810] [Server] Insecure configuration for --pid-file: Location '/var/run/mysqld' in the path is accessible to all OS users. Consider choosing a different directory.
2022-11-03T11:18:52.161933+09:00 0 [System] [MY-010931] [Server] /usr/sbin/mysqld: ready for connections. Version: '8.0.23'  socket: '/var/run/mysqld/mysqld.sock'  port: 3306  MySQL Community Server - GPL.
2022-11-03T11:23:01.076478+09:00 0 [System] [MY-013172] [Server] Received SHUTDOWN from user <via user signal>. Shutting down mysqld (Version: 8.0.23).
2022-11-03T11:23:01.801391+09:00 0 [System] [MY-010910] [Server] /usr/sbin/mysqld: Shutdown complete (mysqld 8.0.23)  MySQL Community Server - GPL.
2022-11-03T11:23:06.730461+09:00 0 [System] [MY-010116] [Server] /usr/sbin/mysqld (mysqld 8.0.23) starting as process 1
2022-11-03T11:23:06.746203+09:00 1 [System] [MY-013576] [InnoDB] InnoDB initialization has started.
2022-11-03T11:23:06.997279+09:00 1 [System] [MY-013577] [InnoDB] InnoDB initialization has ended.
2022-11-03T11:23:07.437672+09:00 0 [System] [MY-011323] [Server] X Plugin ready for connections. Bind-address: '::' port: 33060, socket: /var/run/mysqld/mysqlx.sock
2022-11-03T11:23:07.747189+09:00 0 [Warning] [MY-010068] [Server] CA certificate ca.pem is self signed.
2022-11-03T11:23:07.749964+09:00 0 [System] [MY-013602] [Server] Channel mysql_main configured to support TLS. Encrypted connections are now supported for this channel.
2022-11-03T11:23:07.764376+09:00 0 [Warning] [MY-011810] [Server] Insecure configuration for --pid-file: Location '/var/run/mysqld' in the path is accessible to all OS users. Consider choosing a different directory.
2022-11-03T11:23:07.889247+09:00 0 [System] [MY-010931] [Server] /usr/sbin/mysqld: ready for connections. Version: '8.0.23'  socket: '/var/run/mysqld/mysqld.sock'  port: 3306  MySQL Community Server - GPL.
2022-11-03T11:30:28.385914+09:00 0 [System] [MY-013172] [Server] Received SHUTDOWN from user <via user signal>. Shutting down mysqld (Version: 8.0.23).
2022-11-03T11:30:28.806035+09:00 0 [System] [MY-010910] [Server] /usr/sbin/mysqld: Shutdown complete (mysqld 8.0.23)  MySQL Community Server - GPL.
2022-11-03T11:30:33.957540+09:00 0 [System] [MY-010116] [Server] /usr/sbin/mysqld (mysqld 8.0.23) starting as process 1
2022-11-03T11:30:33.977394+09:00 1 [System] [MY-013576] [InnoDB] InnoDB initialization has started.
2022-11-03T11:30:34.393112+09:00 1 [System] [MY-013577] [InnoDB] InnoDB initialization has ended.
2022-11-03T11:30:34.962075+09:00 0 [System] [MY-011323] [Server] X Plugin ready for connections. Bind-address: '::' port: 33060, socket: /var/run/mysqld/mysqlx.sock
2022-11-03T11:30:35.290005+09:00 0 [Warning] [MY-010068] [Server] CA certificate ca.pem is self signed.
2022-11-03T11:30:35.291647+09:00 0 [System] [MY-013602] [Server] Channel mysql_main configured to support TLS. Encrypted connections are now supported for this channel.
2022-11-03T11:30:35.297180+09:00 0 [Warning] [MY-011810] [Server] Insecure configuration for --pid-file: Location '/var/run/mysqld' in the path is accessible to all OS users. Consider choosing a different directory.
2022-11-03T11:30:35.358672+09:00 0 [System] [MY-010931] [Server] /usr/sbin/mysqld: ready for connections. Version: '8.0.23'  socket: '/var/run/mysqld/mysqld.sock'  port: 3306  MySQL Community Server - GPL.
2022-11-03T11:35:42.006009+09:00 0 [System] [MY-013172] [Server] Received SHUTDOWN from user <via user signal>. Shutting down mysqld (Version: 8.0.23).
2022-11-03T11:35:42.715048+09:00 0 [System] [MY-010910] [Server] /usr/sbin/mysqld: Shutdown complete (mysqld 8.0.23)  MySQL Community Server - GPL.
2022-11-03T11:36:52.646027+09:00 0 [System] [MY-010116] [Server] /usr/sbin/mysqld (mysqld 8.0.23) starting as process 1
2022-11-03T11:36:52.663852+09:00 1 [System] [MY-013576] [InnoDB] InnoDB initialization has started.
2022-11-03T11:36:53.025884+09:00 1 [System] [MY-013577] [InnoDB] InnoDB initialization has ended.
2022-11-03T11:36:53.435228+09:00 0 [System] [MY-011323] [Server] X Plugin ready for connections. Bind-address: '::' port: 33060, socket: /var/run/mysqld/mysqlx.sock
2022-11-03T11:36:53.888631+09:00 0 [Warning] [MY-010068] [Server] CA certificate ca.pem is self signed.
2022-11-03T11:36:53.890869+09:00 0 [System] [MY-013602] [Server] Channel mysql_main configured to support TLS. Encrypted connections are now supported for this channel.
2022-11-03T11:36:53.917972+09:00 0 [Warning] [MY-011810] [Server] Insecure configuration for --pid-file: Location '/var/run/mysqld' in the path is accessible to all OS users. Consider choosing a different directory.
2022-11-03T11:36:54.105987+09:00 0 [System] [MY-010931] [Server] /usr/sbin/mysqld: ready for connections. Version: '8.0.23'  socket: '/var/run/mysqld/mysqld.sock'  port: 3306  MySQL Community Server - GPL.
2022-11-03T11:39:41.385088+09:00 0 [System] [MY-013172] [Server] Received SHUTDOWN from user <via user signal>. Shutting down mysqld (Version: 8.0.23).
2022-11-03T11:39:42.340563+09:00 0 [System] [MY-010910] [Server] /usr/sbin/mysqld: Shutdown complete (mysqld 8.0.23)  MySQL Community Server - GPL.
2022-11-03T11:40:21.031250+09:00 0 [System] [MY-010116] [Server] /usr/sbin/mysqld (mysqld 8.0.23) starting as process 1
2022-11-03T11:40:21.062960+09:00 1 [System] [MY-013576] [InnoDB] InnoDB initialization has started.
2022-11-03T11:40:21.312474+09:00 1 [System] [MY-013577] [InnoDB] InnoDB initialization has ended.
2022-11-03T11:40:21.524018+09:00 0 [System] [MY-011323] [Server] X Plugin ready for connections. Bind-address: '::' port: 33060, socket: /var/run/mysqld/mysqlx.sock
2022-11-03T11:40:21.698675+09:00 0 [Warning] [MY-010068] [Server] CA certificate ca.pem is self signed.
2022-11-03T11:40:21.698676+09:00 0 [System] [MY-013602] [Server] Channel mysql_main configured to support TLS. Encrypted connections are now supported for this channel.
2022-11-03T11:40:21.698683+09:00 0 [Warning] [MY-011810] [Server] Insecure configuration for --pid-file: Location '/var/run/mysqld' in the path is accessible to all OS users. Consider choosing a different directory.
2022-11-03T11:40:21.698680+09:00 0 [System] [MY-010931] [Server] /usr/sbin/mysqld: ready for connections. Version: '8.0.23'  socket: '/var/run/mysqld/mysqld.sock'  port: 3306  MySQL Community Server - GPL.
2022-11-03T11:41:39.082490+09:00 0 [System] [MY-013172] [Server] Received SHUTDOWN from user <via user signal>. Shutting down mysqld (Version: 8.0.23).
2022-11-03T11:41:40.135673+09:00 0 [System] [MY-010910] [Server] /usr/sbin/mysqld: Shutdown complete (mysqld 8.0.23)  MySQL Community Server - GPL.
2022-11-03T11:41:52.406881+09:00 0 [System] [MY-010116] [Server] /usr/sbin/mysqld (mysqld 8.0.23) starting as process 1
2022-11-03T11:41:52.426301+09:00 1 [System] [MY-013576] [InnoDB] InnoDB initialization has started.
2022-11-03T11:41:52.702605+09:00 1 [System] [MY-013577] [InnoDB] InnoDB initialization has ended.
2022-11-03T11:41:52.871598+09:00 0 [System] [MY-011323] [Server] X Plugin ready for connections. Bind-address: '::' port: 33060, socket: /var/run/mysqld/mysqlx.sock
2022-11-03T11:41:53.232873+09:00 0 [Warning] [MY-010068] [Server] CA certificate ca.pem is self signed.
2022-11-03T11:41:53.234878+09:00 0 [System] [MY-013602] [Server] Channel mysql_main configured to support TLS. Encrypted connections are now supported for this channel.
2022-11-03T11:41:53.263040+09:00 0 [Warning] [MY-011810] [Server] Insecure configuration for --pid-file: Location '/var/run/mysqld' in the path is accessible to all OS users. Consider choosing a different directory.
2022-11-03T11:41:53.404310+09:00 0 [System] [MY-010931] [Server] /usr/sbin/mysqld: ready for connections. Version: '8.0.23'  socket: '/var/run/mysqld/mysqld.sock'  port: 3306  MySQL Community Server - GPL.
2022-11-03T11:46:21.402145+09:00 0 [System] [MY-013172] [Server] Received SHUTDOWN from user <via user signal>. Shutting down mysqld (Version: 8.0.23).
2022-11-03T11:46:22.629653+09:00 0 [System] [MY-010910] [Server] /usr/sbin/mysqld: Shutdown complete (mysqld 8.0.23)  MySQL Community Server - GPL.
